<?xml version="1.0" encoding="UTF-8"?>
<!-- Generated by org.testng.reporters.JUnitReportReporter -->
<testsuite hostname="LAPTOP-4VLGUQP5" failures="0" tests="1" name="Testcases.testcase1" time="42.702" errors="0" timestamp="2024-08-04T00:14:00 IST" skipped="0">
  <testcase classname="Testcases.testcase1" name="test1" time="42.702"/>
</testsuite> <!-- Testcases.testcase1 -->
