<?xml version="1.0" encoding="UTF-8"?>
<!-- Generated by org.testng.reporters.JUnitReportReporter -->
<testsuite hostname="LAPTOP-4VLGUQP5" failures="0" tests="1" name="Testcases.testcase1" time="11.769" errors="0" timestamp="2024-08-03T22:33:26 IST" skipped="0">
  <testcase classname="Testcases.testcase1" name="test1" time="11.769"/>
</testsuite> <!-- Testcases.testcase1 -->
